{"F:\\Repo\\api-crud-techtest\\src\\main.ts": {"path":"F:\\Repo\\api-crud-techtest\\src\\main.ts","statementMap":{"0":{"start":{"line":1,"column":0},"end":{"line":1,"column":37}},"1":{"start":{"line":3,"column":2},"end":{"line":3,"column":16}},"2":{"start":{"line":6,"column":0},"end":{"line":6,"column":7}}},"fnMap":{"0":{"name":"main","decl":{"start":{"line":2,"column":9},"end":{"line":2,"column":13}},"loc":{"start":{"line":2,"column":13},"end":{"line":4,"column":1}}}},"branchMap":{},"s":{"0":0,"1":0,"2":0},"f":{"0":0},"b":{}}
,"F:\\Repo\\api-crud-techtest\\src\\application\\common\\UserResult.ts": {"path":"F:\\Repo\\api-crud-techtest\\src\\application\\common\\UserResult.ts","statementMap":{"0":{"start":{"line":3,"column":20},"end":{"line":3,"column":30}},"1":{"start":{"line":4,"column":20},"end":{"line":4,"column":33}},"2":{"start":{"line":5,"column":20},"end":{"line":5,"column":35}},"3":{"start":{"line":6,"column":20},"end":{"line":6,"column":37}},"4":{"start":{"line":7,"column":20},"end":{"line":7,"column":36}},"5":{"start":{"line":1,"column":0},"end":{"line":1,"column":13}}},"fnMap":{"0":{"name":"(anonymous_0)","decl":{"start":{"line":2,"column":2},"end":{"line":2,"column":null}},"loc":{"start":{"line":7,"column":36},"end":{"line":8,"column":6}}}},"branchMap":{},"s":{"0":0,"1":0,"2":0,"3":0,"4":0,"5":1},"f":{"0":0},"b":{}}
,"F:\\Repo\\api-crud-techtest\\src\\application\\common\\errors\\errors.ts": {"path":"F:\\Repo\\api-crud-techtest\\src\\application\\common\\errors\\errors.ts","statementMap":{"0":{"start":{"line":3,"column":4},"end":{"line":3,"column":28}},"1":{"start":{"line":4,"column":4},"end":{"line":4,"column":36}},"2":{"start":{"line":1,"column":0},"end":{"line":1,"column":13}},"3":{"start":{"line":10,"column":4},"end":{"line":10,"column":19}},"4":{"start":{"line":11,"column":4},"end":{"line":11,"column":34}},"5":{"start":{"line":8,"column":0},"end":{"line":8,"column":13}},"6":{"start":{"line":17,"column":6},"end":{"line":17,"column":21}},"7":{"start":{"line":18,"column":6},"end":{"line":18,"column":34}},"8":{"start":{"line":15,"column":0},"end":{"line":15,"column":13}}},"fnMap":{"0":{"name":"(anonymous_0)","decl":{"start":{"line":2,"column":2},"end":{"line":2,"column":null}},"loc":{"start":{"line":2,"column":2},"end":{"line":5,"column":3}}},"1":{"name":"(anonymous_1)","decl":{"start":{"line":9,"column":2},"end":{"line":9,"column":14}},"loc":{"start":{"line":9,"column":29},"end":{"line":12,"column":3}}},"2":{"name":"(anonymous_2)","decl":{"start":{"line":16,"column":4},"end":{"line":16,"column":16}},"loc":{"start":{"line":16,"column":31},"end":{"line":19,"column":5}}}},"branchMap":{},"s":{"0":3,"1":3,"2":1,"3":1,"4":1,"5":1,"6":1,"7":1,"8":1},"f":{"0":3,"1":1,"2":1},"b":{}}
,"F:\\Repo\\api-crud-techtest\\src\\application\\services\\User\\Commands\\UserCommandService.ts": {"path":"F:\\Repo\\api-crud-techtest\\src\\application\\services\\User\\Commands\\UserCommandService.ts","statementMap":{"0":{"start":{"line":1,"column":0},"end":{"line":1,"column":47}},"1":{"start":{"line":2,"column":0},"end":{"line":2,"column":62}},"2":{"start":{"line":5,"column":0},"end":{"line":5,"column":56}},"3":{"start":{"line":6,"column":0},"end":{"line":6,"column":48}},"4":{"start":{"line":7,"column":0},"end":{"line":7,"column":45}},"5":{"start":{"line":8,"column":0},"end":{"line":8,"column":null}},"6":{"start":{"line":16,"column":15},"end":{"line":92,"column":null}},"7":{"start":{"line":19,"column":21},"end":{"line":19,"column":53}},"8":{"start":{"line":28,"column":4},"end":{"line":40,"column":5}},"9":{"start":{"line":29,"column":19},"end":{"line":29,"column":56}},"10":{"start":{"line":30,"column":6},"end":{"line":30,"column":77}},"11":{"start":{"line":30,"column":24},"end":{"line":30,"column":77}},"12":{"start":{"line":32,"column":22},"end":{"line":32,"column":67}},"13":{"start":{"line":33,"column":6},"end":{"line":33,"column":46}},"14":{"start":{"line":35,"column":6},"end":{"line":37,"column":8}},"15":{"start":{"line":39,"column":6},"end":{"line":39,"column":42}},"16":{"start":{"line":49,"column":4},"end":{"line":68,"column":5}},"17":{"start":{"line":50,"column":6},"end":{"line":52,"column":7}},"18":{"start":{"line":51,"column":8},"end":{"line":51,"column":61}},"19":{"start":{"line":53,"column":19},"end":{"line":53,"column":56}},"20":{"start":{"line":54,"column":6},"end":{"line":54,"column":59}},"21":{"start":{"line":54,"column":23},"end":{"line":54,"column":59}},"22":{"start":{"line":56,"column":22},"end":{"line":56,"column":76}},"23":{"start":{"line":58,"column":6},"end":{"line":58,"column":49}},"24":{"start":{"line":60,"column":6},"end":{"line":60,"column":null}},"25":{"start":{"line":62,"column":6},"end":{"line":64,"column":8}},"26":{"start":{"line":66,"column":6},"end":{"line":66,"column":null}},"27":{"start":{"line":67,"column":6},"end":{"line":67,"column":42}},"28":{"start":{"line":74,"column":4},"end":{"line":90,"column":5}},"29":{"start":{"line":75,"column":19},"end":{"line":75,"column":56}},"30":{"start":{"line":76,"column":6},"end":{"line":76,"column":60}},"31":{"start":{"line":76,"column":24},"end":{"line":76,"column":60}},"32":{"start":{"line":77,"column":6},"end":{"line":77,"column":47}},"33":{"start":{"line":79,"column":6},"end":{"line":87,"column":8}},"34":{"start":{"line":89,"column":6},"end":{"line":89,"column":42}},"35":{"start":{"line":16,"column":21},"end":{"line":92,"column":null}},"36":{"start":{"line":16,"column":21},"end":{"line":16,"column":null}}},"fnMap":{"0":{"name":"(anonymous_5)","decl":{"start":{"line":17,"column":2},"end":{"line":17,"column":null}},"loc":{"start":{"line":19,"column":53},"end":{"line":20,"column":6}}},"1":{"name":"(anonymous_6)","decl":{"start":{"line":22,"column":9},"end":{"line":22,"column":14}},"loc":{"start":{"line":26,"column":20},"end":{"line":41,"column":3}}},"2":{"name":"(anonymous_7)","decl":{"start":{"line":43,"column":9},"end":{"line":43,"column":14}},"loc":{"start":{"line":47,"column":20},"end":{"line":69,"column":3}}},"3":{"name":"(anonymous_8)","decl":{"start":{"line":71,"column":9},"end":{"line":71,"column":14}},"loc":{"start":{"line":72,"column":17},"end":{"line":91,"column":3}}}},"branchMap":{"0":{"loc":{"start":{"line":30,"column":6},"end":{"line":30,"column":77}},"type":"if","locations":[{"start":{"line":30,"column":6},"end":{"line":30,"column":77}}]},"1":{"loc":{"start":{"line":50,"column":6},"end":{"line":52,"column":7}},"type":"if","locations":[{"start":{"line":50,"column":6},"end":{"line":52,"column":7}}]},"2":{"loc":{"start":{"line":54,"column":6},"end":{"line":54,"column":59}},"type":"if","locations":[{"start":{"line":54,"column":6},"end":{"line":54,"column":59}}]},"3":{"loc":{"start":{"line":76,"column":6},"end":{"line":76,"column":60}},"type":"if","locations":[{"start":{"line":76,"column":6},"end":{"line":76,"column":60}}]}},"s":{"0":1,"1":1,"2":1,"3":1,"4":1,"5":1,"6":1,"7":0,"8":0,"9":0,"10":0,"11":0,"12":0,"13":0,"14":0,"15":0,"16":0,"17":0,"18":0,"19":0,"20":0,"21":0,"22":0,"23":0,"24":0,"25":0,"26":0,"27":0,"28":0,"29":0,"30":0,"31":0,"32":0,"33":0,"34":0,"35":1,"36":1},"f":{"0":0,"1":0,"2":0,"3":0},"b":{"0":[0],"1":[0],"2":[0],"3":[0]}}
,"F:\\Repo\\api-crud-techtest\\src\\application\\services\\User\\Queries\\UserQueryService.ts": {"path":"F:\\Repo\\api-crud-techtest\\src\\application\\services\\User\\Queries\\UserQueryService.ts","statementMap":{"0":{"start":{"line":1,"column":0},"end":{"line":1,"column":47}},"1":{"start":{"line":2,"column":0},"end":{"line":2,"column":62}},"2":{"start":{"line":5,"column":0},"end":{"line":5,"column":56}},"3":{"start":{"line":6,"column":0},"end":{"line":6,"column":45}},"4":{"start":{"line":7,"column":0},"end":{"line":7,"column":76}},"5":{"start":{"line":9,"column":15},"end":{"line":59,"column":null}},"6":{"start":{"line":12,"column":21},"end":{"line":12,"column":53}},"7":{"start":{"line":18,"column":4},"end":{"line":34,"column":5}},"8":{"start":{"line":19,"column":21},"end":{"line":19,"column":58}},"9":{"start":{"line":20,"column":6},"end":{"line":20,"column":26}},"10":{"start":{"line":21,"column":6},"end":{"line":21,"column":55}},"11":{"start":{"line":21,"column":19},"end":{"line":21,"column":55}},"12":{"start":{"line":23,"column":6},"end":{"line":31,"column":8}},"13":{"start":{"line":33,"column":6},"end":{"line":33,"column":42}},"14":{"start":{"line":38,"column":4},"end":{"line":57,"column":5}},"15":{"start":{"line":39,"column":21},"end":{"line":39,"column":56}},"16":{"start":{"line":41,"column":6},"end":{"line":41,"column":55}},"17":{"start":{"line":41,"column":19},"end":{"line":41,"column":55}},"18":{"start":{"line":43,"column":6},"end":{"line":54,"column":8}},"19":{"start":{"line":46,"column":12},"end":{"line":51,"column":null}},"20":{"start":{"line":56,"column":6},"end":{"line":56,"column":42}},"21":{"start":{"line":9,"column":21},"end":{"line":59,"column":null}},"22":{"start":{"line":9,"column":21},"end":{"line":9,"column":null}}},"fnMap":{"0":{"name":"(anonymous_4)","decl":{"start":{"line":10,"column":2},"end":{"line":10,"column":null}},"loc":{"start":{"line":12,"column":53},"end":{"line":13,"column":6}}},"1":{"name":"(anonymous_5)","decl":{"start":{"line":15,"column":9},"end":{"line":15,"column":14}},"loc":{"start":{"line":16,"column":17},"end":{"line":35,"column":3}}},"2":{"name":"(anonymous_6)","decl":{"start":{"line":37,"column":9},"end":{"line":37,"column":14}},"loc":{"start":{"line":37,"column":25},"end":{"line":58,"column":3}}},"3":{"name":"(anonymous_7)","decl":{"start":{"line":45,"column":10},"end":{"line":45,"column":11}},"loc":{"start":{"line":46,"column":12},"end":{"line":51,"column":null}}}},"branchMap":{"0":{"loc":{"start":{"line":21,"column":6},"end":{"line":21,"column":55}},"type":"if","locations":[{"start":{"line":21,"column":6},"end":{"line":21,"column":55}}]},"1":{"loc":{"start":{"line":41,"column":6},"end":{"line":41,"column":55}},"type":"if","locations":[{"start":{"line":41,"column":6},"end":{"line":41,"column":55}}]}},"s":{"0":1,"1":1,"2":1,"3":1,"4":1,"5":1,"6":0,"7":0,"8":0,"9":0,"10":0,"11":0,"12":0,"13":0,"14":0,"15":0,"16":0,"17":0,"18":0,"19":0,"20":0,"21":1,"22":1},"f":{"0":0,"1":0,"2":0,"3":0},"b":{"0":[0],"1":[0]}}
,"F:\\Repo\\api-crud-techtest\\src\\domain\\User\\User.ts": {"path":"F:\\Repo\\api-crud-techtest\\src\\domain\\User\\User.ts","statementMap":{"0":{"start":{"line":1,"column":0},"end":{"line":1,"column":36}},"1":{"start":{"line":5,"column":24},"end":{"line":5,"column":40}},"2":{"start":{"line":6,"column":24},"end":{"line":6,"column":42}},"3":{"start":{"line":7,"column":24},"end":{"line":7,"column":44}},"4":{"start":{"line":8,"column":24},"end":{"line":8,"column":43}},"5":{"start":{"line":9,"column":24},"end":{"line":9,"column":37}},"6":{"start":{"line":3,"column":0},"end":{"line":3,"column":21}}},"fnMap":{"0":{"name":"(anonymous_0)","decl":{"start":{"line":4,"column":4},"end":{"line":4,"column":null}},"loc":{"start":{"line":9,"column":49},"end":{"line":10,"column":9}}}},"branchMap":{"0":{"loc":{"start":{"line":5,"column":24},"end":{"line":5,"column":45}},"type":"default-arg","locations":[{"start":{"line":5,"column":40},"end":{"line":5,"column":45}}]},"1":{"loc":{"start":{"line":6,"column":24},"end":{"line":6,"column":47}},"type":"default-arg","locations":[{"start":{"line":6,"column":42},"end":{"line":6,"column":47}}]},"2":{"loc":{"start":{"line":7,"column":24},"end":{"line":7,"column":49}},"type":"default-arg","locations":[{"start":{"line":7,"column":44},"end":{"line":7,"column":49}}]},"3":{"loc":{"start":{"line":8,"column":24},"end":{"line":8,"column":48}},"type":"default-arg","locations":[{"start":{"line":8,"column":43},"end":{"line":8,"column":48}}]},"4":{"loc":{"start":{"line":9,"column":24},"end":{"line":9,"column":49}},"type":"default-arg","locations":[{"start":{"line":9,"column":37},"end":{"line":9,"column":49}}]}},"s":{"0":1,"1":0,"2":0,"3":0,"4":0,"5":0,"6":1},"f":{"0":0},"b":{"0":[0],"1":[0],"2":[0],"3":[0],"4":[0]}}
,"F:\\Repo\\api-crud-techtest\\src\\infrastructure\\persistance\\UserRepository.ts": {"path":"F:\\Repo\\api-crud-techtest\\src\\infrastructure\\persistance\\UserRepository.ts","statementMap":{"0":{"start":{"line":2,"column":0},"end":{"line":2,"column":39}},"1":{"start":{"line":9,"column":4},"end":{"line":9,"column":36}},"2":{"start":{"line":13,"column":17},"end":{"line":13,"column":82}},"3":{"start":{"line":13,"column":53},"end":{"line":13,"column":73}},"4":{"start":{"line":14,"column":4},"end":{"line":14,"column":16}},"5":{"start":{"line":18,"column":4},"end":{"line":18,"column":87}},"6":{"start":{"line":18,"column":65},"end":{"line":18,"column":85}},"7":{"start":{"line":22,"column":4},"end":{"line":22,"column":96}},"8":{"start":{"line":22,"column":60},"end":{"line":22,"column":93}},"9":{"start":{"line":26,"column":4},"end":{"line":26,"column":32}},"10":{"start":{"line":7,"column":17},"end":{"line":7,"column":33}},"11":{"start":{"line":6,"column":21},"end":{"line":28,"column":null}},"12":{"start":{"line":6,"column":21},"end":{"line":6,"column":null}}},"fnMap":{"0":{"name":"(anonymous_1)","decl":{"start":{"line":8,"column":9},"end":{"line":8,"column":14}},"loc":{"start":{"line":8,"column":29},"end":{"line":10,"column":3}}},"1":{"name":"(anonymous_2)","decl":{"start":{"line":12,"column":9},"end":{"line":12,"column":14}},"loc":{"start":{"line":12,"column":32},"end":{"line":15,"column":3}}},"2":{"name":"(anonymous_3)","decl":{"start":{"line":13,"column":43},"end":{"line":13,"column":44}},"loc":{"start":{"line":13,"column":53},"end":{"line":13,"column":73}}},"3":{"name":"(anonymous_4)","decl":{"start":{"line":17,"column":9},"end":{"line":17,"column":14}},"loc":{"start":{"line":17,"column":35},"end":{"line":19,"column":3}}},"4":{"name":"(anonymous_5)","decl":{"start":{"line":18,"column":55},"end":{"line":18,"column":56}},"loc":{"start":{"line":18,"column":65},"end":{"line":18,"column":85}}},"5":{"name":"(anonymous_6)","decl":{"start":{"line":21,"column":9},"end":{"line":21,"column":14}},"loc":{"start":{"line":21,"column":32},"end":{"line":23,"column":3}}},"6":{"name":"(anonymous_7)","decl":{"start":{"line":22,"column":52},"end":{"line":22,"column":53}},"loc":{"start":{"line":22,"column":60},"end":{"line":22,"column":93}}},"7":{"name":"(anonymous_8)","decl":{"start":{"line":25,"column":9},"end":{"line":25,"column":14}},"loc":{"start":{"line":25,"column":21},"end":{"line":27,"column":3}}}},"branchMap":{"0":{"loc":{"start":{"line":13,"column":17},"end":{"line":13,"column":82}},"type":"binary-expr","locations":[{"start":{"line":13,"column":17},"end":{"line":13,"column":74}},{"start":{"line":13,"column":78},"end":{"line":13,"column":82}}]},"1":{"loc":{"start":{"line":22,"column":60},"end":{"line":22,"column":93}},"type":"cond-expr","locations":[{"start":{"line":22,"column":85},"end":{"line":22,"column":89}},{"start":{"line":22,"column":92},"end":{"line":22,"column":93}}]}},"s":{"0":0,"1":0,"2":0,"3":0,"4":0,"5":0,"6":0,"7":0,"8":0,"9":0,"10":0,"11":0,"12":0},"f":{"0":0,"1":0,"2":0,"3":0,"4":0,"5":0,"6":0,"7":0},"b":{"0":[0,0],"1":[0,0]}}
,"F:\\Repo\\api-crud-techtest\\src\\presentation\\app.ts": {"path":"F:\\Repo\\api-crud-techtest\\src\\presentation\\app.ts","statementMap":{"0":{"start":{"line":1,"column":0},"end":{"line":1,"column":44}},"1":{"start":{"line":2,"column":0},"end":{"line":2,"column":30}},"2":{"start":{"line":4,"column":0},"end":{"line":4,"column":65}},"3":{"start":{"line":5,"column":0},"end":{"line":5,"column":38}},"4":{"start":{"line":6,"column":0},"end":{"line":6,"column":90}},"5":{"start":{"line":7,"column":0},"end":{"line":7,"column":85}},"6":{"start":{"line":8,"column":0},"end":{"line":8,"column":39}},"7":{"start":{"line":9,"column":0},"end":{"line":9,"column":74}},"8":{"start":{"line":17,"column":22},"end":{"line":17,"column":37}},"9":{"start":{"line":19,"column":4},"end":{"line":21,"column":30}},"10":{"start":{"line":23,"column":4},"end":{"line":25,"column":28}},"11":{"start":{"line":27,"column":4},"end":{"line":30,"column":26}},"12":{"start":{"line":32,"column":4},"end":{"line":32,"column":56}},"13":{"start":{"line":34,"column":4},"end":{"line":37,"column":7}},"14":{"start":{"line":35,"column":6},"end":{"line":35,"column":30}},"15":{"start":{"line":39,"column":4},"end":{"line":39,"column":35}},"16":{"start":{"line":40,"column":4},"end":{"line":40,"column":20}},"17":{"start":{"line":44,"column":4},"end":{"line":46,"column":5}},"18":{"start":{"line":45,"column":6},"end":{"line":45,"column":30}},"19":{"start":{"line":48,"column":4},"end":{"line":50,"column":7}},"20":{"start":{"line":49,"column":6},"end":{"line":49,"column":55}},"21":{"start":{"line":12,"column":0},"end":{"line":12,"column":21}}},"fnMap":{"0":{"name":"(anonymous_1)","decl":{"start":{"line":16,"column":9},"end":{"line":16,"column":15}},"loc":{"start":{"line":16,"column":32},"end":{"line":41,"column":3}}},"1":{"name":"(anonymous_2)","decl":{"start":{"line":34,"column":26},"end":{"line":34,"column":27}},"loc":{"start":{"line":34,"column":34},"end":{"line":37,"column":5}}},"2":{"name":"(anonymous_3)","decl":{"start":{"line":43,"column":9},"end":{"line":43,"column":15}},"loc":{"start":{"line":43,"column":38},"end":{"line":51,"column":3}}},"3":{"name":"(anonymous_4)","decl":{"start":{"line":48,"column":26},"end":{"line":48,"column":29}},"loc":{"start":{"line":48,"column":31},"end":{"line":50,"column":5}}}},"branchMap":{"0":{"loc":{"start":{"line":44,"column":4},"end":{"line":46,"column":5}},"type":"if","locations":[{"start":{"line":44,"column":4},"end":{"line":46,"column":5}}]}},"s":{"0":0,"1":0,"2":0,"3":0,"4":0,"5":0,"6":0,"7":0,"8":0,"9":0,"10":0,"11":0,"12":0,"13":0,"14":0,"15":0,"16":0,"17":0,"18":0,"19":0,"20":0,"21":0},"f":{"0":0,"1":0,"2":0,"3":0},"b":{"0":[0]}}
,"F:\\Repo\\api-crud-techtest\\src\\presentation\\api\\UserController.ts": {"path":"F:\\Repo\\api-crud-techtest\\src\\presentation\\api\\UserController.ts","statementMap":{"0":{"start":{"line":2,"column":0},"end":{"line":2,"column":35}},"1":{"start":{"line":3,"column":0},"end":{"line":3,"column":40}},"2":{"start":{"line":4,"column":0},"end":{"line":4,"column":null}},"3":{"start":{"line":14,"column":0},"end":{"line":14,"column":93}},"4":{"start":{"line":15,"column":0},"end":{"line":15,"column":88}},"5":{"start":{"line":18,"column":0},"end":{"line":18,"column":null}},"6":{"start":{"line":23,"column":15},"end":{"line":94,"column":null}},"7":{"start":{"line":26,"column":21},"end":{"line":26,"column":42}},"8":{"start":{"line":28,"column":21},"end":{"line":28,"column":40}},"9":{"start":{"line":36,"column":19},"end":{"line":40,"column":null}},"10":{"start":{"line":43,"column":4},"end":{"line":43,"column":53}},"11":{"start":{"line":51,"column":19},"end":{"line":51,"column":75}},"12":{"start":{"line":53,"column":4},"end":{"line":53,"column":48}},"13":{"start":{"line":61,"column":19},"end":{"line":61,"column":60}},"14":{"start":{"line":63,"column":4},"end":{"line":63,"column":52}},"15":{"start":{"line":71,"column":19},"end":{"line":75,"column":null}},"16":{"start":{"line":78,"column":4},"end":{"line":78,"column":24}},"17":{"start":{"line":80,"column":4},"end":{"line":80,"column":48}},"18":{"start":{"line":88,"column":19},"end":{"line":89,"column":null}},"19":{"start":{"line":91,"column":4},"end":{"line":91,"column":24}},"20":{"start":{"line":92,"column":4},"end":{"line":92,"column":48}},"21":{"start":{"line":32,"column":15},"end":{"line":44,"column":null}},"22":{"start":{"line":47,"column":15},"end":{"line":54,"column":null}},"23":{"start":{"line":57,"column":15},"end":{"line":64,"column":null}},"24":{"start":{"line":67,"column":15},"end":{"line":81,"column":null}},"25":{"start":{"line":84,"column":15},"end":{"line":93,"column":null}},"26":{"start":{"line":23,"column":21},"end":{"line":94,"column":null}},"27":{"start":{"line":23,"column":21},"end":{"line":23,"column":null}}},"fnMap":{"0":{"name":"(anonymous_5)","decl":{"start":{"line":24,"column":2},"end":{"line":24,"column":null}},"loc":{"start":{"line":28,"column":56},"end":{"line":29,"column":6}}},"1":{"name":"(anonymous_6)","decl":{"start":{"line":32,"column":9},"end":{"line":32,"column":14}},"loc":{"start":{"line":34,"column":56},"end":{"line":44,"column":3}}},"2":{"name":"(anonymous_7)","decl":{"start":{"line":47,"column":9},"end":{"line":47,"column":14}},"loc":{"start":{"line":49,"column":56},"end":{"line":54,"column":3}}},"3":{"name":"(anonymous_8)","decl":{"start":{"line":57,"column":9},"end":{"line":57,"column":14}},"loc":{"start":{"line":59,"column":65},"end":{"line":64,"column":3}}},"4":{"name":"(anonymous_9)","decl":{"start":{"line":67,"column":9},"end":{"line":67,"column":14}},"loc":{"start":{"line":69,"column":56},"end":{"line":81,"column":3}}},"5":{"name":"(anonymous_10)","decl":{"start":{"line":84,"column":9},"end":{"line":84,"column":14}},"loc":{"start":{"line":86,"column":56},"end":{"line":93,"column":3}}}},"branchMap":{},"s":{"0":1,"1":1,"2":1,"3":1,"4":1,"5":1,"6":1,"7":11,"8":11,"9":3,"10":3,"11":2,"12":2,"13":2,"14":2,"15":2,"16":2,"17":2,"18":2,"19":2,"20":2,"21":1,"22":1,"23":1,"24":1,"25":1,"26":1,"27":1},"f":{"0":11,"1":3,"2":2,"3":2,"4":2,"5":2},"b":{}}
,"F:\\Repo\\api-crud-techtest\\src\\presentation\\config\\swagger.ts": {"path":"F:\\Repo\\api-crud-techtest\\src\\presentation\\config\\swagger.ts","statementMap":{"0":{"start":{"line":2,"column":0},"end":{"line":2,"column":43}},"1":{"start":{"line":5,"column":44},"end":{"line":35,"column":2}},"2":{"start":{"line":37,"column":28},"end":{"line":39,"column":1}},"3":{"start":{"line":38,"column":2},"end":{"line":38,"column":74}},"4":{"start":{"line":37,"column":13},"end":{"line":37,"column":28}}},"fnMap":{"0":{"name":"(anonymous_1)","decl":{"start":{"line":37,"column":28},"end":{"line":37,"column":29}},"loc":{"start":{"line":37,"column":45},"end":{"line":39,"column":1}}}},"branchMap":{},"s":{"0":0,"1":0,"2":0,"3":0,"4":0},"f":{"0":0},"b":{}}
,"F:\\Repo\\api-crud-techtest\\src\\presentation\\config\\types.ts": {"path":"F:\\Repo\\api-crud-techtest\\src\\presentation\\config\\types.ts","statementMap":{"0":{"start":{"line":4,"column":14},"end":{"line":8,"column":4}},"1":{"start":{"line":10,"column":11},"end":{"line":10,"column":16}}},"fnMap":{},"branchMap":{},"s":{"0":1,"1":1},"f":{},"b":{}}
,"F:\\Repo\\api-crud-techtest\\src\\presentation\\contracts\\User\\CreateUserRequest.ts": {"path":"F:\\Repo\\api-crud-techtest\\src\\presentation\\contracts\\User\\CreateUserRequest.ts","statementMap":{"0":{"start":{"line":3,"column":20},"end":{"line":3,"column":33}},"1":{"start":{"line":4,"column":20},"end":{"line":4,"column":35}},"2":{"start":{"line":5,"column":20},"end":{"line":5,"column":37}},"3":{"start":{"line":6,"column":20},"end":{"line":6,"column":36}},"4":{"start":{"line":1,"column":0},"end":{"line":1,"column":13}}},"fnMap":{"0":{"name":"(anonymous_0)","decl":{"start":{"line":2,"column":2},"end":{"line":2,"column":null}},"loc":{"start":{"line":6,"column":36},"end":{"line":7,"column":6}}}},"branchMap":{},"s":{"0":0,"1":0,"2":0,"3":0,"4":0},"f":{"0":0},"b":{}}
,"F:\\Repo\\api-crud-techtest\\src\\presentation\\contracts\\User\\DeleteUserRequest.ts": {"path":"F:\\Repo\\api-crud-techtest\\src\\presentation\\contracts\\User\\DeleteUserRequest.ts","statementMap":{"0":{"start":{"line":2,"column":30},"end":{"line":2,"column":43}},"1":{"start":{"line":1,"column":0},"end":{"line":1,"column":13}}},"fnMap":{"0":{"name":"(anonymous_0)","decl":{"start":{"line":2,"column":2},"end":{"line":2,"column":30}},"loc":{"start":{"line":2,"column":43},"end":{"line":2,"column":47}}}},"branchMap":{},"s":{"0":0,"1":0},"f":{"0":0},"b":{}}
,"F:\\Repo\\api-crud-techtest\\src\\presentation\\contracts\\User\\GetUserRequest.ts": {"path":"F:\\Repo\\api-crud-techtest\\src\\presentation\\contracts\\User\\GetUserRequest.ts","statementMap":{"0":{"start":{"line":3,"column":22},"end":{"line":3,"column":35}},"1":{"start":{"line":1,"column":0},"end":{"line":1,"column":13}}},"fnMap":{"0":{"name":"(anonymous_0)","decl":{"start":{"line":2,"column":4},"end":{"line":2,"column":null}},"loc":{"start":{"line":3,"column":35},"end":{"line":4,"column":8}}}},"branchMap":{},"s":{"0":0,"1":0},"f":{"0":0},"b":{}}
,"F:\\Repo\\api-crud-techtest\\src\\presentation\\contracts\\User\\UpdateUserRequest.ts": {"path":"F:\\Repo\\api-crud-techtest\\src\\presentation\\contracts\\User\\UpdateUserRequest.ts","statementMap":{"0":{"start":{"line":3,"column":20},"end":{"line":3,"column":33}},"1":{"start":{"line":4,"column":20},"end":{"line":4,"column":35}},"2":{"start":{"line":5,"column":20},"end":{"line":5,"column":37}},"3":{"start":{"line":6,"column":20},"end":{"line":6,"column":36}},"4":{"start":{"line":1,"column":0},"end":{"line":1,"column":13}}},"fnMap":{"0":{"name":"(anonymous_0)","decl":{"start":{"line":2,"column":2},"end":{"line":2,"column":null}},"loc":{"start":{"line":6,"column":36},"end":{"line":7,"column":6}}}},"branchMap":{},"s":{"0":0,"1":0,"2":0,"3":0,"4":0},"f":{"0":0},"b":{}}
,"F:\\Repo\\api-crud-techtest\\src\\presentation\\contracts\\User\\UserReponse.ts": {"path":"F:\\Repo\\api-crud-techtest\\src\\presentation\\contracts\\User\\UserReponse.ts","statementMap":{"0":{"start":{"line":3,"column":20},"end":{"line":3,"column":30}},"1":{"start":{"line":4,"column":20},"end":{"line":4,"column":33}},"2":{"start":{"line":5,"column":20},"end":{"line":5,"column":35}},"3":{"start":{"line":6,"column":20},"end":{"line":6,"column":37}},"4":{"start":{"line":7,"column":20},"end":{"line":7,"column":36}},"5":{"start":{"line":1,"column":0},"end":{"line":1,"column":13}}},"fnMap":{"0":{"name":"(anonymous_0)","decl":{"start":{"line":2,"column":2},"end":{"line":2,"column":null}},"loc":{"start":{"line":7,"column":36},"end":{"line":8,"column":6}}}},"branchMap":{},"s":{"0":5,"1":5,"2":5,"3":5,"4":5,"5":1},"f":{"0":5},"b":{}}
,"F:\\Repo\\api-crud-techtest\\src\\presentation\\utils\\responseHandler.ts": {"path":"F:\\Repo\\api-crud-techtest\\src\\presentation\\utils\\responseHandler.ts","statementMap":{"0":{"start":{"line":9,"column":0},"end":{"line":9,"column":16}},"1":{"start":{"line":43,"column":0},"end":{"line":43,"column":16}},"2":{"start":{"line":66,"column":0},"end":{"line":66,"column":16}},"3":{"start":{"line":2,"column":0},"end":{"line":2,"column":61}},"4":{"start":{"line":3,"column":0},"end":{"line":3,"column":null}},"5":{"start":{"line":20,"column":2},"end":{"line":40,"column":4}},"6":{"start":{"line":22,"column":18},"end":{"line":22,"column":39}},"7":{"start":{"line":23,"column":6},"end":{"line":23,"column":51}},"8":{"start":{"line":26,"column":6},"end":{"line":38,"column":7}},"9":{"start":{"line":28,"column":10},"end":{"line":28,"column":69}},"10":{"start":{"line":30,"column":10},"end":{"line":30,"column":69}},"11":{"start":{"line":32,"column":10},"end":{"line":32,"column":69}},"12":{"start":{"line":34,"column":10},"end":{"line":36,"column":11}},"13":{"start":{"line":35,"column":12},"end":{"line":35,"column":71}},"14":{"start":{"line":37,"column":10},"end":{"line":37,"column":79}},"15":{"start":{"line":53,"column":2},"end":{"line":63,"column":4}},"16":{"start":{"line":55,"column":6},"end":{"line":61,"column":8}},"17":{"start":{"line":76,"column":2},"end":{"line":89,"column":4}},"18":{"start":{"line":78,"column":6},"end":{"line":87,"column":8}},"19":{"start":{"line":80,"column":10},"end":{"line":85,"column":null}}},"fnMap":{"0":{"name":"handleResponse","decl":{"start":{"line":9,"column":16},"end":{"line":9,"column":30}},"loc":{"start":{"line":18,"column":35},"end":{"line":41,"column":1}}},"1":{"name":"(anonymous_1)","decl":{"start":{"line":21,"column":4},"end":{"line":21,"column":5}},"loc":{"start":{"line":21,"column":16},"end":{"line":24,"column":5}}},"2":{"name":"(anonymous_2)","decl":{"start":{"line":25,"column":4},"end":{"line":25,"column":5}},"loc":{"start":{"line":25,"column":19},"end":{"line":39,"column":5}}},"3":{"name":"handleUserResponse","decl":{"start":{"line":43,"column":16},"end":{"line":43,"column":34}},"loc":{"start":{"line":51,"column":26},"end":{"line":64,"column":1}}},"4":{"name":"(anonymous_4)","decl":{"start":{"line":54,"column":63},"end":{"line":54,"column":64}},"loc":{"start":{"line":54,"column":72},"end":{"line":62,"column":5}}},"5":{"name":"handleUserListResponse","decl":{"start":{"line":66,"column":16},"end":{"line":66,"column":38}},"loc":{"start":{"line":74,"column":26},"end":{"line":90,"column":1}}},"6":{"name":"(anonymous_6)","decl":{"start":{"line":77,"column":65},"end":{"line":77,"column":66}},"loc":{"start":{"line":77,"column":75},"end":{"line":88,"column":5}}},"7":{"name":"(anonymous_7)","decl":{"start":{"line":79,"column":8},"end":{"line":79,"column":9}},"loc":{"start":{"line":80,"column":10},"end":{"line":85,"column":null}}}},"branchMap":{"0":{"loc":{"start":{"line":17,"column":2},"end":{"line":17,"column":26}},"type":"default-arg","locations":[{"start":{"line":17,"column":23},"end":{"line":17,"column":26}}]},"1":{"loc":{"start":{"line":26,"column":6},"end":{"line":38,"column":7}},"type":"switch","locations":[{"start":{"line":27,"column":8},"end":{"line":28,"column":69}},{"start":{"line":29,"column":8},"end":{"line":30,"column":69}},{"start":{"line":31,"column":8},"end":{"line":32,"column":69}},{"start":{"line":33,"column":8},"end":{"line":37,"column":79}}]},"2":{"loc":{"start":{"line":34,"column":10},"end":{"line":36,"column":11}},"type":"if","locations":[{"start":{"line":34,"column":10},"end":{"line":36,"column":11}}]},"3":{"loc":{"start":{"line":51,"column":2},"end":{"line":51,"column":26}},"type":"default-arg","locations":[{"start":{"line":51,"column":23},"end":{"line":51,"column":26}}]},"4":{"loc":{"start":{"line":74,"column":2},"end":{"line":74,"column":26}},"type":"default-arg","locations":[{"start":{"line":74,"column":23},"end":{"line":74,"column":26}}]}},"s":{"0":1,"1":1,"2":1,"3":1,"4":1,"5":11,"6":5,"7":5,"8":5,"9":2,"10":1,"11":1,"12":1,"13":1,"14":0,"15":9,"16":4,"17":2,"18":1,"19":1},"f":{"0":11,"1":5,"2":5,"3":9,"4":4,"5":2,"6":1,"7":1},"b":{"0":[0],"1":[2,1,1,1],"2":[1],"3":[6],"4":[2]}}
}
