TN:
SF:src\main.ts
FN:2,main
FNF:1
FNH:0
FNDA:0,main
DA:1,0
DA:3,0
DA:6,0
LF:3
LH:0
BRF:0
BRH:0
end_of_record
TN:
SF:src\application\common\UserResult.ts
FN:2,(anonymous_0)
FNF:1
FNH:0
FNDA:0,(anonymous_0)
DA:1,1
DA:3,0
DA:4,0
DA:5,0
DA:6,0
DA:7,0
LF:6
LH:1
BRF:0
BRH:0
end_of_record
TN:
SF:src\application\common\errors\errors.ts
FN:2,(anonymous_0)
FN:9,(anonymous_1)
FN:16,(anonymous_2)
FNF:3
FNH:3
FNDA:3,(anonymous_0)
FNDA:1,(anonymous_1)
FNDA:1,(anonymous_2)
DA:1,1
DA:3,3
DA:4,3
DA:8,1
DA:10,1
DA:11,1
DA:15,1
DA:17,1
DA:18,1
LF:9
LH:9
BRF:0
BRH:0
end_of_record
TN:
SF:src\application\services\User\Commands\UserCommandService.ts
FN:17,(anonymous_5)
FN:22,(anonymous_6)
FN:43,(anonymous_7)
FN:71,(anonymous_8)
FNF:4
FNH:0
FNDA:0,(anonymous_5)
FNDA:0,(anonymous_6)
FNDA:0,(anonymous_7)
FNDA:0,(anonymous_8)
DA:1,1
DA:2,1
DA:5,1
DA:6,1
DA:7,1
DA:8,1
DA:16,1
DA:19,0
DA:28,0
DA:29,0
DA:30,0
DA:32,0
DA:33,0
DA:35,0
DA:39,0
DA:49,0
DA:50,0
DA:51,0
DA:53,0
DA:54,0
DA:56,0
DA:58,0
DA:60,0
DA:62,0
DA:66,0
DA:67,0
DA:74,0
DA:75,0
DA:76,0
DA:77,0
DA:79,0
DA:89,0
LF:32
LH:7
BRDA:30,0,0,0
BRDA:50,1,0,0
BRDA:54,2,0,0
BRDA:76,3,0,0
BRF:4
BRH:0
end_of_record
TN:
SF:src\application\services\User\Queries\UserQueryService.ts
FN:10,(anonymous_4)
FN:15,(anonymous_5)
FN:37,(anonymous_6)
FN:45,(anonymous_7)
FNF:4
FNH:0
FNDA:0,(anonymous_4)
FNDA:0,(anonymous_5)
FNDA:0,(anonymous_6)
FNDA:0,(anonymous_7)
DA:1,1
DA:2,1
DA:5,1
DA:6,1
DA:7,1
DA:9,1
DA:12,0
DA:18,0
DA:19,0
DA:20,0
DA:21,0
DA:23,0
DA:33,0
DA:38,0
DA:39,0
DA:41,0
DA:43,0
DA:46,0
DA:56,0
LF:19
LH:6
BRDA:21,0,0,0
BRDA:41,1,0,0
BRF:2
BRH:0
end_of_record
TN:
SF:src\domain\User\User.ts
FN:4,(anonymous_0)
FNF:1
FNH:0
FNDA:0,(anonymous_0)
DA:1,1
DA:3,1
DA:5,0
DA:6,0
DA:7,0
DA:8,0
DA:9,0
LF:7
LH:2
BRDA:5,0,0,0
BRDA:6,1,0,0
BRDA:7,2,0,0
BRDA:8,3,0,0
BRDA:9,4,0,0
BRF:5
BRH:0
end_of_record
TN:
SF:src\infrastructure\persistance\UserRepository.ts
FN:8,(anonymous_1)
FN:12,(anonymous_2)
FN:13,(anonymous_3)
FN:17,(anonymous_4)
FN:18,(anonymous_5)
FN:21,(anonymous_6)
FN:22,(anonymous_7)
FN:25,(anonymous_8)
FNF:8
FNH:0
FNDA:0,(anonymous_1)
FNDA:0,(anonymous_2)
FNDA:0,(anonymous_3)
FNDA:0,(anonymous_4)
FNDA:0,(anonymous_5)
FNDA:0,(anonymous_6)
FNDA:0,(anonymous_7)
FNDA:0,(anonymous_8)
DA:2,0
DA:6,0
DA:7,0
DA:9,0
DA:13,0
DA:14,0
DA:18,0
DA:22,0
DA:26,0
LF:9
LH:0
BRDA:13,0,0,0
BRDA:13,0,1,0
BRDA:22,1,0,0
BRDA:22,1,1,0
BRF:4
BRH:0
end_of_record
TN:
SF:src\presentation\app.ts
FN:16,(anonymous_1)
FN:34,(anonymous_2)
FN:43,(anonymous_3)
FN:48,(anonymous_4)
FNF:4
FNH:0
FNDA:0,(anonymous_1)
FNDA:0,(anonymous_2)
FNDA:0,(anonymous_3)
FNDA:0,(anonymous_4)
DA:1,0
DA:2,0
DA:4,0
DA:5,0
DA:6,0
DA:7,0
DA:8,0
DA:9,0
DA:12,0
DA:17,0
DA:19,0
DA:23,0
DA:27,0
DA:32,0
DA:34,0
DA:35,0
DA:39,0
DA:40,0
DA:44,0
DA:45,0
DA:48,0
DA:49,0
LF:22
LH:0
BRDA:44,0,0,0
BRF:1
BRH:0
end_of_record
TN:
SF:src\presentation\api\UserController.ts
FN:24,(anonymous_5)
FN:32,(anonymous_6)
FN:47,(anonymous_7)
FN:57,(anonymous_8)
FN:67,(anonymous_9)
FN:84,(anonymous_10)
FNF:6
FNH:6
FNDA:11,(anonymous_5)
FNDA:3,(anonymous_6)
FNDA:2,(anonymous_7)
FNDA:2,(anonymous_8)
FNDA:2,(anonymous_9)
FNDA:2,(anonymous_10)
DA:2,1
DA:3,1
DA:4,1
DA:14,1
DA:15,1
DA:18,1
DA:23,1
DA:26,11
DA:28,11
DA:32,1
DA:36,3
DA:43,3
DA:47,1
DA:51,2
DA:53,2
DA:57,1
DA:61,2
DA:63,2
DA:67,1
DA:71,2
DA:78,2
DA:80,2
DA:84,1
DA:88,2
DA:91,2
DA:92,2
LF:26
LH:26
BRF:0
BRH:0
end_of_record
TN:
SF:src\presentation\config\swagger.ts
FN:37,(anonymous_1)
FNF:1
FNH:0
FNDA:0,(anonymous_1)
DA:2,0
DA:5,0
DA:37,0
DA:38,0
LF:4
LH:0
BRF:0
BRH:0
end_of_record
TN:
SF:src\presentation\config\types.ts
FNF:0
FNH:0
DA:4,1
DA:10,1
LF:2
LH:2
BRF:0
BRH:0
end_of_record
TN:
SF:src\presentation\contracts\User\CreateUserRequest.ts
FN:2,(anonymous_0)
FNF:1
FNH:0
FNDA:0,(anonymous_0)
DA:1,0
DA:3,0
DA:4,0
DA:5,0
DA:6,0
LF:5
LH:0
BRF:0
BRH:0
end_of_record
TN:
SF:src\presentation\contracts\User\DeleteUserRequest.ts
FN:2,(anonymous_0)
FNF:1
FNH:0
FNDA:0,(anonymous_0)
DA:1,0
DA:2,0
LF:2
LH:0
BRF:0
BRH:0
end_of_record
TN:
SF:src\presentation\contracts\User\GetUserRequest.ts
FN:2,(anonymous_0)
FNF:1
FNH:0
FNDA:0,(anonymous_0)
DA:1,0
DA:3,0
LF:2
LH:0
BRF:0
BRH:0
end_of_record
TN:
SF:src\presentation\contracts\User\UpdateUserRequest.ts
FN:2,(anonymous_0)
FNF:1
FNH:0
FNDA:0,(anonymous_0)
DA:1,0
DA:3,0
DA:4,0
DA:5,0
DA:6,0
LF:5
LH:0
BRF:0
BRH:0
end_of_record
TN:
SF:src\presentation\contracts\User\UserReponse.ts
FN:2,(anonymous_0)
FNF:1
FNH:1
FNDA:5,(anonymous_0)
DA:1,1
DA:3,5
DA:4,5
DA:5,5
DA:6,5
DA:7,5
LF:6
LH:6
BRF:0
BRH:0
end_of_record
TN:
SF:src\presentation\utils\responseHandler.ts
FN:9,handleResponse
FN:21,(anonymous_1)
FN:25,(anonymous_2)
FN:43,handleUserResponse
FN:54,(anonymous_4)
FN:66,handleUserListResponse
FN:77,(anonymous_6)
FN:79,(anonymous_7)
FNF:8
FNH:8
FNDA:11,handleResponse
FNDA:5,(anonymous_1)
FNDA:5,(anonymous_2)
FNDA:9,handleUserResponse
FNDA:4,(anonymous_4)
FNDA:2,handleUserListResponse
FNDA:1,(anonymous_6)
FNDA:1,(anonymous_7)
DA:2,1
DA:3,1
DA:9,1
DA:20,11
DA:22,5
DA:23,5
DA:26,5
DA:28,2
DA:30,1
DA:32,1
DA:34,1
DA:35,1
DA:37,0
DA:43,1
DA:53,9
DA:55,4
DA:66,1
DA:76,2
DA:78,1
DA:80,1
LF:20
LH:19
BRDA:17,0,0,0
BRDA:26,1,0,2
BRDA:26,1,1,1
BRDA:26,1,2,1
BRDA:26,1,3,1
BRDA:34,2,0,1
BRDA:51,3,0,6
BRDA:74,4,0,2
BRF:8
BRH:7
end_of_record
